<?xml version="1.0" encoding="UTF-8"?>
<testsuite name="com.findmaximum.FindMaximumTest" tests="21" skipped="0" failures="0" errors="0" timestamp="2021-05-05T11:12:22" hostname="HACKERNAMAN" time="0.104">
  <properties/>
  <testcase name="givenMaximumStringAtPosition3_ShouldReturnStringOfPosition3()" classname="com.findmaximum.FindMaximumTest" time="0.034"/>
  <testcase name="givenGenericStringValue_ShouldReturnMaximumStringValue()" classname="com.findmaximum.FindMaximumTest" time="0.004"/>
  <testcase name="givenMaximumFloatAtPosition1_ShouldReturnFloatOfPosition1()" classname="com.findmaximum.FindMaximumTest" time="0.004"/>
  <testcase name="givenMaximumFloatAtPosition2_ShouldReturnFloatOfPosition2()" classname="com.findmaximum.FindMaximumTest" time="0.002"/>
  <testcase name="givenMaximumFloatAtPosition3_ShouldReturnFloatOfPosition3()" classname="com.findmaximum.FindMaximumTest" time="0.002"/>
  <testcase name="givenMultipleIntegersValue_ShouldReturnMaximumIntegerValue()" classname="com.findmaximum.FindMaximumTest" time="0.002"/>
  <testcase name="givenMaximumIntegerAtPosition1_ShouldReturnIntegerOfPosition1()" classname="com.findmaximum.FindMaximumTest" time="0.001"/>
  <testcase name="givenMultipleStringValue_ShouldReturnMaximumStringValue()" classname="com.findmaximum.FindMaximumTest" time="0.001"/>
  <testcase name="givenGenericIntegerValue_ShouldReturnMaximumIntegerValue()" classname="com.findmaximum.FindMaximumTest" time="0.001"/>
  <testcase name="givenMaximumIntegerAtPosition3_ShouldReturnIntegerOfPosition3()" classname="com.findmaximum.FindMaximumTest" time="0.002"/>
  <testcase name="givenValueFloat_ShouldReturnMaximumFloatAndPrintMaximum()" classname="com.findmaximum.FindMaximumTest" time="0.002"/>
  <testcase name="givenGenericFloatValue_ShouldReturnMaximumFloatValue()" classname="com.findmaximum.FindMaximumTest" time="0.003"/>
  <testcase name="givenMaximumGenericIntegerAt_ShouldReturnGenericInteger()" classname="com.findmaximum.FindMaximumTest" time="0.006"/>
  <testcase name="givenValueInteger_ShouldReturnMaximumIntegerAndPrintMaximum()" classname="com.findmaximum.FindMaximumTest" time="0.0"/>
  <testcase name="givenMaximumGenericStringAt_ShouldReturnGenericString()" classname="com.findmaximum.FindMaximumTest" time="0.002"/>
  <testcase name="givenMaximumGenericFloatAt_ShouldReturnGenericFloat()" classname="com.findmaximum.FindMaximumTest" time="0.001"/>
  <testcase name="givenValueString_ShouldReturnMaximumStringAndPrintMaximum()" classname="com.findmaximum.FindMaximumTest" time="0.0"/>
  <testcase name="givenMultipleFloatValue_ShouldReturnMaximumFloatValue()" classname="com.findmaximum.FindMaximumTest" time="0.001"/>
  <testcase name="givenMaximumStringAtPosition1_ShouldReturnStringOfPosition1()" classname="com.findmaximum.FindMaximumTest" time="0.001"/>
  <testcase name="givenMaximumIntegerAtPosition2_ShouldReturnIntegerOfPosition2()" classname="com.findmaximum.FindMaximumTest" time="0.002"/>
  <testcase name="givenMaximumStringAtPosition2_ShouldReturnStringOfPosition2()" classname="com.findmaximum.FindMaximumTest" time="0.001"/>
  <system-out><![CDATA[Max of Banana, Apple and Peach is Peach
Max of Apple, Peach and Banana is Peach
Max of 5.44, 3.33 and 4.44 is 5.44
Max of 3.3, 5.55 and 4.4 is 5.55
Max of 4.44, 3.33 and 5.55 is 5.55
Max of 5, 3 and 4 is 5
Max of 3, 4 and 5 is 5
Max of 3, 4 and 5 is 5
Max of 1.33, 2.43 and 4.44 is 4.44
Max of 5.55, 4.44 and 3.33 is 5.55
Max of 5, 4 and 3 is 5
Max of 1, 2 and 3 is 3
Max of Apple, Peach and Banana is Peach
Max of 3.33, 4.44 and 5.55 is 5.55
Max of Apple, Peaches and Banana is Peaches
Max of Peach, Apple and Banana is Peach
Max of 3, 5 and 4 is 5
Max of Apple, Peach and Banana is Peach
]]></system-out>
  <system-err><![CDATA[]]></system-err>
</testsuite>
