<?xml version="1.0" encoding="UTF-8"?>
<testsuite name="com.findmaximum.FindMaximumTest" tests="3" skipped="0" failures="0" errors="0" timestamp="2021-05-05T03:57:14" hostname="HACKERNAMAN" time="0.016">
  <properties/>
  <testcase name="givenMaximumIntegerAtPosition1_ShouldReturnIntegerOfPosition1()" classname="com.findmaximum.FindMaximumTest" time="0.014"/>
  <testcase name="givenMaximumIntegerAtPosition3_ShouldReturnIntegerOfPosition3()" classname="com.findmaximum.FindMaximumTest" time="0.001"/>
  <testcase name="givenMaximumIntegerAtPosition2_ShouldReturnIntegerOfPosition2()" classname="com.findmaximum.FindMaximumTest" time="0.001"/>
  <system-out><![CDATA[]]></system-out>
  <system-err><![CDATA[]]></system-err>
</testsuite>
